<?xml version="1.0" encoding="UTF-8"?>
<!-- Generated by org.testng.reporters.JUnitReportReporter -->
<testsuite hostname="PC27" failures="0" tests="1" name="headless.browser" time="1.683" errors="0" timestamp="2023-09-01T10:42:22 IST" skipped="0">
  <testcase classname="headless.browser" name="login" time="1.683"/>
</testsuite> <!-- headless.browser -->
