<?xml version="1.0" encoding="UTF-8"?>
<!-- Generated by org.testng.reporters.JUnitReportReporter -->
<testsuite hostname="PC27" failures="0" tests="3" name="headless.ListernerTest" time="1.623" errors="0" timestamp="2023-09-01T12:05:03 IST" skipped="0">
  <testcase classname="headless.ListernerTest" name="Wrongcrediantials" time="0.475"/>
  <testcase classname="headless.ListernerTest" name="Wrongcrediantials1" time="0.498"/>
  <testcase classname="headless.ListernerTest" name="login" time="0.650"/>
</testsuite> <!-- headless.ListernerTest -->
